<?xml version="1.0" encoding="UTF-8" ?>
<testsuite tests="4" failures="4" name="com.nku.collatz.CollatzNumberGeneratorTest" time="0.004" errors="0" skipped="0">
  <properties>
[...]
</properties>
  <testcase classname="com.nku.collatz.CollatzNumberGeneratorTest" name="com.nku.collatz.CollatzNumberGeneratorTest.testBaseCase" time="0.004">
    <failure type="java.lang.NullPointerException">java.lang.NullPointerException
	at com.nku.collatz.CollatzNumberGeneratorTest.testBaseCase(CollatzNumberGeneratorTest.java:26)
</failure>
  </testcase>
  <testcase classname="com.nku.collatz.CollatzNumberGeneratorTest" name="com.nku.collatz.CollatzNumberGeneratorTest.testSeedThriteen" time="0">
    <failure type="java.lang.NullPointerException">java.lang.NullPointerException
	at com.nku.collatz.CollatzNumberGeneratorTest.testSeedThriteen(CollatzNumberGeneratorTest.java:55)
</failure>
  </testcase>
  <testcase classname="com.nku.collatz.CollatzNumberGeneratorTest" name="com.nku.collatz.CollatzNumberGeneratorTest.testSeedThree" time="0">
    <failure type="java.lang.NullPointerException">java.lang.NullPointerException
	at com.nku.collatz.CollatzNumberGeneratorTest.testSeedThree(CollatzNumberGeneratorTest.java:78)
</failure>
  </testcase>
  <testcase classname="com.nku.collatz.CollatzNumberGeneratorTest" name="com.nku.collatz.CollatzNumberGeneratorTest.testSeedSix" time="0">
    <failure type="java.lang.NullPointerException">java.lang.NullPointerException
	at com.nku.collatz.CollatzNumberGeneratorTest.testSeedSix(CollatzNumberGeneratorTest.java:33)
</failure>
  </testcase>
</testsuite>